This is pdfTeX, Version 3.141592653-2.6-1.40.26 (TeX Live 2024) (preloaded format=pdflatex 2024.10.26)  7 DEC 2024 16:23
entering extended mode
 restricted \write18 enabled.
 file:line:error style messages enabled.
 %&-line parsing enabled.
**"/Users/ranshanzi/Uni/2A CW/3F3 Lab/3F3_FTR_sr2021"
(/Users/ranshanzi/Uni/2A CW/3F3 Lab/3F3_FTR_sr2021.tex
LaTeX2e <2024-06-01> patch level 2
L3 programming layer <2024-10-09>
(/usr/local/texlive/2024/texmf-dist/tex/latex/base/article.cls
Document Class: article 2024/02/08 v1.4n Standard LaTeX document class
(/usr/local/texlive/2024/texmf-dist/tex/latex/base/size11.clo
File: size11.clo 2024/02/08 v1.4n Standard LaTeX file (size option)
)
\c@part=\count194
\c@section=\count195
\c@subsection=\count196
\c@subsubsection=\count197
\c@paragraph=\count198
\c@subparagraph=\count199
\c@figure=\count266
\c@table=\count267
\abovecaptionskip=\skip49
\belowcaptionskip=\skip50
\bibindent=\dimen141
) (/usr/local/texlive/2024/texmf-dist/tex/latex/psnfss/mathptmx.sty
Package: mathptmx 2020/03/25 PSNFSS-v9.3 Times w/ Math, improved (SPQR, WaS) 
LaTeX Font Info:    Redeclaring symbol font `operators' on input line 28.
LaTeX Font Info:    Overwriting symbol font `operators' in version `normal'
(Font)                  OT1/cmr/m/n --> OT1/ztmcm/m/n on input line 28.
LaTeX Font Info:    Overwriting symbol font `operators' in version `bold'
(Font)                  OT1/cmr/bx/n --> OT1/ztmcm/m/n on input line 28.
LaTeX Font Info:    Redeclaring symbol font `letters' on input line 29.
LaTeX Font Info:    Overwriting symbol font `letters' in version `normal'
(Font)                  OML/cmm/m/it --> OML/ztmcm/m/it on input line 29.
LaTeX Font Info:    Overwriting symbol font `letters' in version `bold'
(Font)                  OML/cmm/b/it --> OML/ztmcm/m/it on input line 29.
LaTeX Font Info:    Redeclaring symbol font `symbols' on input line 30.
LaTeX Font Info:    Overwriting symbol font `symbols' in version `normal'
(Font)                  OMS/cmsy/m/n --> OMS/ztmcm/m/n on input line 30.
LaTeX Font Info:    Overwriting symbol font `symbols' in version `bold'
(Font)                  OMS/cmsy/b/n --> OMS/ztmcm/m/n on input line 30.
LaTeX Font Info:    Redeclaring symbol font `largesymbols' on input line 31.
LaTeX Font Info:    Overwriting symbol font `largesymbols' in version `normal'
(Font)                  OMX/cmex/m/n --> OMX/ztmcm/m/n on input line 31.
LaTeX Font Info:    Overwriting symbol font `largesymbols' in version `bold'
(Font)                  OMX/cmex/m/n --> OMX/ztmcm/m/n on input line 31.
\symbold=\mathgroup4
\symitalic=\mathgroup5
LaTeX Font Info:    Redeclaring math alphabet \mathbf on input line 34.
LaTeX Font Info:    Overwriting math alphabet `\mathbf' in version `normal'
(Font)                  OT1/cmr/bx/n --> OT1/ptm/bx/n on input line 34.
LaTeX Font Info:    Overwriting math alphabet `\mathbf' in version `bold'
(Font)                  OT1/cmr/bx/n --> OT1/ptm/bx/n on input line 34.
LaTeX Font Info:    Redeclaring math alphabet \mathit on input line 35.
LaTeX Font Info:    Overwriting math alphabet `\mathit' in version `normal'
(Font)                  OT1/cmr/m/it --> OT1/ptm/m/it on input line 35.
LaTeX Font Info:    Overwriting math alphabet `\mathit' in version `bold'
(Font)                  OT1/cmr/bx/it --> OT1/ptm/m/it on input line 35.
LaTeX Info: Redefining \hbar on input line 50.
) (/usr/local/texlive/2024/texmf-dist/tex/latex/graphics/graphicx.sty
Package: graphicx 2021/09/16 v1.2d Enhanced LaTeX Graphics (DPC,SPQR)
 (/usr/local/texlive/2024/texmf-dist/tex/latex/graphics/keyval.sty
Package: keyval 2022/05/29 v1.15 key=value parser (DPC)
\KV@toks@=\toks17
) (/usr/local/texlive/2024/texmf-dist/tex/latex/graphics/graphics.sty
Package: graphics 2024/05/23 v1.4g Standard LaTeX Graphics (DPC,SPQR)
 (/usr/local/texlive/2024/texmf-dist/tex/latex/graphics/trig.sty
Package: trig 2023/12/02 v1.11 sin cos tan (DPC)
) (/usr/local/texlive/2024/texmf-dist/tex/latex/graphics-cfg/graphics.cfg
File: graphics.cfg 2016/06/04 v1.11 sample graphics configuration
)
Package graphics Info: Driver file: pdftex.def on input line 106.
 (/usr/local/texlive/2024/texmf-dist/tex/latex/graphics-def/pdftex.def
File: pdftex.def 2024/04/13 v1.2c Graphics/color driver for pdftex
))
\Gin@req@height=\dimen142
\Gin@req@width=\dimen143
) (/usr/local/texlive/2024/texmf-dist/tex/latex/amsmath/amsmath.sty
Package: amsmath 2024/05/23 v2.17q AMS math features
\@mathmargin=\skip51

For additional information on amsmath, use the `?' option.
(/usr/local/texlive/2024/texmf-dist/tex/latex/amsmath/amstext.sty
Package: amstext 2021/08/26 v2.01 AMS text
 (/usr/local/texlive/2024/texmf-dist/tex/latex/amsmath/amsgen.sty
File: amsgen.sty 1999/11/30 v2.0 generic functions
\@emptytoks=\toks18
\ex@=\dimen144
)) (/usr/local/texlive/2024/texmf-dist/tex/latex/amsmath/amsbsy.sty
Package: amsbsy 1999/11/29 v1.2d Bold Symbols
\pmbraise@=\dimen145
) (/usr/local/texlive/2024/texmf-dist/tex/latex/amsmath/amsopn.sty
Package: amsopn 2022/04/08 v2.04 operator names
)
\inf@bad=\count268
LaTeX Info: Redefining \frac on input line 233.
\uproot@=\count269
\leftroot@=\count270
LaTeX Info: Redefining \overline on input line 398.
LaTeX Info: Redefining \colon on input line 409.
\classnum@=\count271
\DOTSCASE@=\count272
LaTeX Info: Redefining \ldots on input line 495.
LaTeX Info: Redefining \dots on input line 498.
LaTeX Info: Redefining \cdots on input line 619.
\Mathstrutbox@=\box52
\strutbox@=\box53
LaTeX Info: Redefining \big on input line 721.
LaTeX Info: Redefining \Big on input line 722.
LaTeX Info: Redefining \bigg on input line 723.
LaTeX Info: Redefining \Bigg on input line 724.
\big@size=\dimen146
LaTeX Font Info:    Redeclaring font encoding OML on input line 742.
LaTeX Font Info:    Redeclaring font encoding OMS on input line 743.
\macc@depth=\count273
LaTeX Info: Redefining \bmod on input line 904.
LaTeX Info: Redefining \pmod on input line 909.
LaTeX Info: Redefining \smash on input line 939.
LaTeX Info: Redefining \relbar on input line 969.
LaTeX Info: Redefining \Relbar on input line 970.
\c@MaxMatrixCols=\count274
\dotsspace@=\muskip17
\c@parentequation=\count275
\dspbrk@lvl=\count276
\tag@help=\toks19
\row@=\count277
\column@=\count278
\maxfields@=\count279
\andhelp@=\toks20
\eqnshift@=\dimen147
\alignsep@=\dimen148
\tagshift@=\dimen149
\tagwidth@=\dimen150
\totwidth@=\dimen151
\lineht@=\dimen152
\@envbody=\toks21
\multlinegap=\skip52
\multlinetaggap=\skip53
\mathdisplay@stack=\toks22
LaTeX Info: Redefining \[ on input line 2953.
LaTeX Info: Redefining \] on input line 2954.
) (/usr/local/texlive/2024/texmf-dist/tex/latex/amsfonts/amssymb.sty
Package: amssymb 2013/01/14 v3.01 AMS font symbols
 (/usr/local/texlive/2024/texmf-dist/tex/latex/amsfonts/amsfonts.sty
Package: amsfonts 2013/01/14 v3.01 Basic AMSFonts support
\symAMSa=\mathgroup6
\symAMSb=\mathgroup7
LaTeX Font Info:    Overwriting math alphabet `\mathfrak' in version `bold'
(Font)                  U/euf/m/n --> U/euf/b/n on input line 106.
)) (/usr/local/texlive/2024/texmf-dist/tex/latex/hyperref/hyperref.sty
Package: hyperref 2024-07-10 v7.01j Hypertext links for LaTeX
 (/usr/local/texlive/2024/texmf-dist/tex/generic/iftex/iftex.sty
Package: iftex 2022/02/03 v1.0f TeX engine tests
) (/usr/local/texlive/2024/texmf-dist/tex/latex/kvsetkeys/kvsetkeys.sty
Package: kvsetkeys 2022-10-05 v1.19 Key value parser (HO)
) (/usr/local/texlive/2024/texmf-dist/tex/generic/kvdefinekeys/kvdefinekeys.sty
Package: kvdefinekeys 2019-12-19 v1.6 Define keys (HO)
) (/usr/local/texlive/2024/texmf-dist/tex/generic/pdfescape/pdfescape.sty
Package: pdfescape 2019/12/09 v1.15 Implements pdfTeX's escape features (HO)
 (/usr/local/texlive/2024/texmf-dist/tex/generic/ltxcmds/ltxcmds.sty
Package: ltxcmds 2023-12-04 v1.26 LaTeX kernel commands for general use (HO)
) (/usr/local/texlive/2024/texmf-dist/tex/generic/pdftexcmds/pdftexcmds.sty
Package: pdftexcmds 2020-06-27 v0.33 Utility functions of pdfTeX for LuaTeX (HO)
 (/usr/local/texlive/2024/texmf-dist/tex/generic/infwarerr/infwarerr.sty
Package: infwarerr 2019/12/03 v1.5 Providing info/warning/error messages (HO)
)
Package pdftexcmds Info: \pdf@primitive is available.
Package pdftexcmds Info: \pdf@ifprimitive is available.
Package pdftexcmds Info: \pdfdraftmode found.
)) (/usr/local/texlive/2024/texmf-dist/tex/latex/hycolor/hycolor.sty
Package: hycolor 2020-01-27 v1.10 Color options for hyperref/bookmark (HO)
) (/usr/local/texlive/2024/texmf-dist/tex/latex/hyperref/nameref.sty
Package: nameref 2023-11-26 v2.56 Cross-referencing by name of section
 (/usr/local/texlive/2024/texmf-dist/tex/latex/refcount/refcount.sty
Package: refcount 2019/12/15 v3.6 Data extraction from label references (HO)
) (/usr/local/texlive/2024/texmf-dist/tex/generic/gettitlestring/gettitlestring.sty
Package: gettitlestring 2019/12/15 v1.6 Cleanup title references (HO)
 (/usr/local/texlive/2024/texmf-dist/tex/latex/kvoptions/kvoptions.sty
Package: kvoptions 2022-06-15 v3.15 Key value format for package options (HO)
))
\c@section@level=\count280
) (/usr/local/texlive/2024/texmf-dist/tex/latex/etoolbox/etoolbox.sty
Package: etoolbox 2020/10/05 v2.5k e-TeX tools for LaTeX (JAW)
\etb@tempcnta=\count281
) (/usr/local/texlive/2024/texmf-dist/tex/generic/stringenc/stringenc.sty
Package: stringenc 2019/11/29 v1.12 Convert strings between diff. encodings (HO)
)
\@linkdim=\dimen153
\Hy@linkcounter=\count282
\Hy@pagecounter=\count283
 (/usr/local/texlive/2024/texmf-dist/tex/latex/hyperref/pd1enc.def
File: pd1enc.def 2024-07-10 v7.01j Hyperref: PDFDocEncoding definition (HO)
Now handling font encoding PD1 ...
... no UTF-8 mapping file for font encoding PD1
) (/usr/local/texlive/2024/texmf-dist/tex/generic/intcalc/intcalc.sty
Package: intcalc 2019/12/15 v1.3 Expandable calculations with integers (HO)
)
\Hy@SavedSpaceFactor=\count284
 (/usr/local/texlive/2024/texmf-dist/tex/latex/hyperref/puenc.def
File: puenc.def 2024-07-10 v7.01j Hyperref: PDF Unicode definition (HO)
Now handling font encoding PU ...
... no UTF-8 mapping file for font encoding PU
)
Package hyperref Info: Hyper figures OFF on input line 4157.
Package hyperref Info: Link nesting OFF on input line 4162.
Package hyperref Info: Hyper index ON on input line 4165.
Package hyperref Info: Plain pages OFF on input line 4172.
Package hyperref Info: Backreferencing OFF on input line 4177.
Package hyperref Info: Implicit mode ON; LaTeX internals redefined.
Package hyperref Info: Bookmarks ON on input line 4424.
\c@Hy@tempcnt=\count285
 (/usr/local/texlive/2024/texmf-dist/tex/latex/url/url.sty
\Urlmuskip=\muskip18
Package: url 2013/09/16  ver 3.4  Verb mode for urls, etc.
)
LaTeX Info: Redefining \url on input line 4763.
\XeTeXLinkMargin=\dimen154
 (/usr/local/texlive/2024/texmf-dist/tex/generic/bitset/bitset.sty
Package: bitset 2019/12/09 v1.3 Handle bit-vector datatype (HO)
 (/usr/local/texlive/2024/texmf-dist/tex/generic/bigintcalc/bigintcalc.sty
Package: bigintcalc 2019/12/15 v1.5 Expandable calculations on big integers (HO)
))
\Fld@menulength=\count286
\Field@Width=\dimen155
\Fld@charsize=\dimen156
Package hyperref Info: Hyper figures OFF on input line 6042.
Package hyperref Info: Link nesting OFF on input line 6047.
Package hyperref Info: Hyper index ON on input line 6050.
Package hyperref Info: backreferencing OFF on input line 6057.
Package hyperref Info: Link coloring OFF on input line 6062.
Package hyperref Info: Link coloring with OCG OFF on input line 6067.
Package hyperref Info: PDF/A mode OFF on input line 6072.
 (/usr/local/texlive/2024/texmf-dist/tex/latex/base/atbegshi-ltx.sty
Package: atbegshi-ltx 2021/01/10 v1.0c Emulation of the original atbegshi
package with kernel methods
)
\Hy@abspage=\count287
\c@Item=\count288
\c@Hfootnote=\count289
)
Package hyperref Info: Driver (autodetected): hpdftex.
 (/usr/local/texlive/2024/texmf-dist/tex/latex/hyperref/hpdftex.def
File: hpdftex.def 2024-07-10 v7.01j Hyperref driver for pdfTeX
 (/usr/local/texlive/2024/texmf-dist/tex/latex/base/atveryend-ltx.sty
Package: atveryend-ltx 2020/08/19 v1.0a Emulation of the original atveryend package
with kernel methods
)
\Fld@listcount=\count290
\c@bookmark@seq@number=\count291
 (/usr/local/texlive/2024/texmf-dist/tex/latex/rerunfilecheck/rerunfilecheck.sty
Package: rerunfilecheck 2022-07-10 v1.10 Rerun checks for auxiliary files (HO)
 (/usr/local/texlive/2024/texmf-dist/tex/generic/uniquecounter/uniquecounter.sty
Package: uniquecounter 2019/12/15 v1.4 Provide unlimited unique counter (HO)
)
Package uniquecounter Info: New unique counter `rerunfilecheck' on input line 285.
)
\Hy@SectionHShift=\skip54
) (/usr/local/texlive/2024/texmf-dist/tex/latex/subfigure/subfigure.sty
Package: subfigure 2002/03/15 v2.1.5 subfigure package
\subfigtopskip=\skip55
\subfigcapskip=\skip56
\subfigcaptopadj=\dimen157
\subfigbottomskip=\skip57
\subfigcapmargin=\dimen158
\subfiglabelskip=\skip58
\c@subfigure=\count292
\c@lofdepth=\count293
\c@subtable=\count294
\c@lotdepth=\count295

****************************************
* Local config file subfigure.cfg used *
****************************************
(/usr/local/texlive/2024/texmf-dist/tex/latex/subfigure/subfigure.cfg)
\subfig@top=\skip59
\subfig@bottom=\skip60
) (/usr/local/texlive/2024/texmf-dist/tex/latex/caption/caption.sty
Package: caption 2023/08/05 v3.6o Customizing captions (AR)
 (/usr/local/texlive/2024/texmf-dist/tex/latex/caption/caption3.sty
Package: caption3 2023/07/31 v2.4d caption3 kernel (AR)
\caption@tempdima=\dimen159
\captionmargin=\dimen160
\caption@leftmargin=\dimen161
\caption@rightmargin=\dimen162
\caption@width=\dimen163
\caption@indent=\dimen164
\caption@parindent=\dimen165
\caption@hangindent=\dimen166
Package caption Info: Standard document class detected.
)
\c@caption@flags=\count296
\c@continuedfloat=\count297
Package caption Info: hyperref package is loaded.
Package caption Info: subfigure package is loaded.
) (/usr/local/texlive/2024/texmf-dist/tex/latex/sttools/stfloats.sty
Package: stfloats 2017/03/27 v3.3 Improve float mechanism and baselineskip settings
\@dblbotnum=\count298
\c@dblbotnumber=\count299
) (/usr/local/texlive/2024/texmf-dist/tex/latex/setspace/setspace.sty
Package: setspace 2022/12/04 v6.7b set line spacing
)
Package hyperref Info: Option `colorlinks' set `true' on input line 13.
 (/usr/local/texlive/2024/texmf-dist/tex/latex/geometry/geometry.sty
Package: geometry 2020/01/02 v5.9 Page Geometry
 (/usr/local/texlive/2024/texmf-dist/tex/generic/iftex/ifvtex.sty
Package: ifvtex 2019/10/25 v1.7 ifvtex legacy package. Use iftex instead.
)
\Gm@cnth=\count300
\Gm@cntv=\count301
\c@Gm@tempcnt=\count302
\Gm@bindingoffset=\dimen167
\Gm@wd@mp=\dimen168
\Gm@odd@mp=\dimen169
\Gm@even@mp=\dimen170
\Gm@layoutwidth=\dimen171
\Gm@layoutheight=\dimen172
\Gm@layouthoffset=\dimen173
\Gm@layoutvoffset=\dimen174
\Gm@dimlist=\toks23
)
LaTeX Font Info:    Trying to load font information for OT1+ptm on input line 18.
 (/usr/local/texlive/2024/texmf-dist/tex/latex/psnfss/ot1ptm.fd
File: ot1ptm.fd 2001/06/04 font definitions for OT1/ptm.
) (/usr/local/texlive/2024/texmf-dist/tex/latex/l3backend/l3backend-pdftex.def
File: l3backend-pdftex.def 2024-05-08 L3 backend support: PDF output (pdfTeX)
\l__color_backend_stack_int=\count303
\l__pdf_internal_box=\box54
) (./3F3_FTR_sr2021.aux

LaTeX Warning: Label `fig:q1_6' multiply defined.

)
\openout1 = `3F3_FTR_sr2021.aux'.

LaTeX Font Info:    Checking defaults for OML/cmm/m/it on input line 18.
LaTeX Font Info:    ... okay on input line 18.
LaTeX Font Info:    Checking defaults for OMS/cmsy/m/n on input line 18.
LaTeX Font Info:    ... okay on input line 18.
LaTeX Font Info:    Checking defaults for OT1/cmr/m/n on input line 18.
LaTeX Font Info:    ... okay on input line 18.
LaTeX Font Info:    Checking defaults for T1/cmr/m/n on input line 18.
LaTeX Font Info:    ... okay on input line 18.
LaTeX Font Info:    Checking defaults for TS1/cmr/m/n on input line 18.
LaTeX Font Info:    ... okay on input line 18.
LaTeX Font Info:    Checking defaults for OMX/cmex/m/n on input line 18.
LaTeX Font Info:    ... okay on input line 18.
LaTeX Font Info:    Checking defaults for U/cmr/m/n on input line 18.
LaTeX Font Info:    ... okay on input line 18.
LaTeX Font Info:    Checking defaults for PD1/pdf/m/n on input line 18.
LaTeX Font Info:    ... okay on input line 18.
LaTeX Font Info:    Checking defaults for PU/pdf/m/n on input line 18.
LaTeX Font Info:    ... okay on input line 18.
 (/usr/local/texlive/2024/texmf-dist/tex/context/base/mkii/supp-pdf.mkii
[Loading MPS to PDF converter (version 2006.09.02).]
\scratchcounter=\count304
\scratchdimen=\dimen175
\scratchbox=\box55
\nofMPsegments=\count305
\nofMParguments=\count306
\everyMPshowfont=\toks24
\MPscratchCnt=\count307
\MPscratchDim=\dimen176
\MPnumerator=\count308
\makeMPintoPDFobject=\count309
\everyMPtoPDFconversion=\toks25
) (/usr/local/texlive/2024/texmf-dist/tex/latex/epstopdf-pkg/epstopdf-base.sty
Package: epstopdf-base 2020-01-24 v2.11 Base part for package epstopdf
Package epstopdf-base Info: Redefining graphics rule for `.eps' on input line 485.
 (/usr/local/texlive/2024/texmf-dist/tex/latex/latexconfig/epstopdf-sys.cfg
File: epstopdf-sys.cfg 2010/07/13 v1.3 Configuration of (r)epstopdf for TeX Live
)) (/usr/local/texlive/2024/texmf-dist/tex/latex/graphics/color.sty
Package: color 2024/01/14 v1.3d Standard LaTeX Color (DPC)
 (/usr/local/texlive/2024/texmf-dist/tex/latex/graphics-cfg/color.cfg
File: color.cfg 2016/01/02 v1.6 sample color configuration
)
Package color Info: Driver file: pdftex.def on input line 149.
 (/usr/local/texlive/2024/texmf-dist/tex/latex/graphics/mathcolor.ltx))
Package hyperref Info: Link coloring ON on input line 18.
 (./3F3_FTR_sr2021.out) (./3F3_FTR_sr2021.out)
\@outlinefile=\write3
\openout3 = `3F3_FTR_sr2021.out'.

Package caption Info: Begin \AtBeginDocument code.
Package caption Info: End \AtBeginDocument code.

*geometry* driver: auto-detecting
*geometry* detected driver: pdftex
*geometry* verbose mode - [ preamble ] result:
* driver: pdftex
* paper: a4paper
* layout: <same size as paper>
* layoutoffset:(h,v)=(0.0pt,0.0pt)
* modes: 
* h-part:(L,W,R)=(56.9055pt, 483.69687pt, 56.9055pt)
* v-part:(T,H,B)=(71.13188pt, 702.78308pt, 71.13188pt)
* \paperwidth=597.50787pt
* \paperheight=845.04684pt
* \textwidth=483.69687pt
* \textheight=702.78308pt
* \oddsidemargin=-15.36449pt
* \evensidemargin=-15.36449pt
* \topmargin=-38.1381pt
* \headheight=12.0pt
* \headsep=25.0pt
* \topskip=11.0pt
* \footskip=30.0pt
* \marginparwidth=49.79231pt
* \marginparsep=10.0pt
* \columnsep=10.0pt
* \skip\footins=10.0pt plus 4.0pt minus 2.0pt
* \hoffset=0.0pt
* \voffset=0.0pt
* \mag=1000
* \@twocolumntrue
* \@twosidefalse
* \@mparswitchfalse
* \@reversemarginfalse
* (1in=72.27pt=25.4mm, 1cm=28.453pt)



[1


{/usr/local/texlive/2024/texmf-var/fonts/map/pdftex/updmap/pdftex.map}{/usr/local/texlive/2024/texmf-dist/fonts/enc/dvips/base/8r.enc}]
LaTeX Font Info:    Trying to load font information for TS1+ptm on input line 46.
 (/usr/local/texlive/2024/texmf-dist/tex/latex/psnfss/ts1ptm.fd
File: ts1ptm.fd 2001/06/04 font definitions for TS1/ptm.
)
LaTeX Font Info:    Trying to load font information for OT1+ztmcm on input line 49.
 (/usr/local/texlive/2024/texmf-dist/tex/latex/psnfss/ot1ztmcm.fd
File: ot1ztmcm.fd 2000/01/03 Fontinst v1.801 font definitions for OT1/ztmcm.
)
LaTeX Font Info:    Trying to load font information for OML+ztmcm on input line 49.
 (/usr/local/texlive/2024/texmf-dist/tex/latex/psnfss/omlztmcm.fd
File: omlztmcm.fd 2000/01/03 Fontinst v1.801 font definitions for OML/ztmcm.
)
LaTeX Font Info:    Trying to load font information for OMS+ztmcm on input line 49.
 (/usr/local/texlive/2024/texmf-dist/tex/latex/psnfss/omsztmcm.fd
File: omsztmcm.fd 2000/01/03 Fontinst v1.801 font definitions for OMS/ztmcm.
)
LaTeX Font Info:    Trying to load font information for OMX+ztmcm on input line 49.
 (/usr/local/texlive/2024/texmf-dist/tex/latex/psnfss/omxztmcm.fd
File: omxztmcm.fd 2000/01/03 Fontinst v1.801 font definitions for OMX/ztmcm.
)
LaTeX Font Info:    Font shape `OT1/ptm/bx/n' in size <10.95> not available
(Font)              Font shape `OT1/ptm/b/n' tried instead on input line 49.
LaTeX Font Info:    Font shape `OT1/ptm/bx/n' in size <8> not available
(Font)              Font shape `OT1/ptm/b/n' tried instead on input line 49.
LaTeX Font Info:    Font shape `OT1/ptm/bx/n' in size <6> not available
(Font)              Font shape `OT1/ptm/b/n' tried instead on input line 49.
<figures/q1_1.png, id=88, 462.528pt x 346.896pt>
File: figures/q1_1.png Graphic file (type png)
<use figures/q1_1.png>
Package pdftex.def Info: figures/q1_1.png  used on input line 62.
(pdftex.def)             Requested size: 108.83475pt x 81.62642pt.
<figures/q1_3.png, id=90, 462.528pt x 346.896pt>
File: figures/q1_3.png Graphic file (type png)
<use figures/q1_3.png>
Package pdftex.def Info: figures/q1_3.png  used on input line 66.
(pdftex.def)             Requested size: 108.83475pt x 81.62642pt.
LaTeX Font Info:    Font shape `OT1/ptm/bx/n' in size <10> not available
(Font)              Font shape `OT1/ptm/b/n' tried instead on input line 67.
LaTeX Font Info:    Font shape `OT1/ptm/bx/n' in size <7.4> not available
(Font)              Font shape `OT1/ptm/b/n' tried instead on input line 67.
<figures/q1_2.png, id=94, 462.528pt x 346.896pt>
File: figures/q1_2.png Graphic file (type png)
<use figures/q1_2.png>
Package pdftex.def Info: figures/q1_2.png  used on input line 79.
(pdftex.def)             Requested size: 108.83475pt x 81.62642pt.
<figures/q1_4.png, id=95, 462.528pt x 346.896pt>
File: figures/q1_4.png Graphic file (type png)
<use figures/q1_4.png>
Package pdftex.def Info: figures/q1_4.png  used on input line 83.
(pdftex.def)             Requested size: 108.83475pt x 81.62642pt.



Underfull \hbox (badness 1342) in paragraph at lines 117--118
\OT1/ptm/m/n/10.95 multi-no-mial dis-tri-bu-tion prob-a-bil-ity mass func-tion
 []




pdfTeX warning (ext4): destination with the same identifier (name{page.1}) has been already used, duplicate ignored
<to be read again> 
                   \relax 
l.118 \begin{align*}
                     [1

 <./figures/q1_1.png> <./figures/q1_3.png> <./figures/q1_2.png> <./figures/q1_4.png>]
<figures/q1_5_100_bin_10.png, id=122, 462.528pt x 346.896pt>
File: figures/q1_5_100_bin_10.png Graphic file (type png)
<use figures/q1_5_100_bin_10.png>
Package pdftex.def Info: figures/q1_5_100_bin_10.png  used on input line 139.
(pdftex.def)             Requested size: 241.84982pt x 99.58096pt.

Overfull \hbox (10.47636pt too wide) in paragraph at lines 139--140
 [][] 
 []

<figures/q1_5_1000_bin_10.png, id=123, 462.528pt x 346.896pt>
File: figures/q1_5_1000_bin_10.png Graphic file (type png)
<use figures/q1_5_1000_bin_10.png>
Package pdftex.def Info: figures/q1_5_1000_bin_10.png  used on input line 145.
(pdftex.def)             Requested size: 241.84982pt x 99.58096pt.

Overfull \hbox (10.47636pt too wide) in paragraph at lines 145--146
 [][] 
 []

<figures/q1_5_10000_bin_10.png, id=124, 462.528pt x 346.896pt>
File: figures/q1_5_10000_bin_10.png Graphic file (type png)
<use figures/q1_5_10000_bin_10.png>
Package pdftex.def Info: figures/q1_5_10000_bin_10.png  used on input line 151.
(pdftex.def)             Requested size: 241.84982pt x 99.58096pt.

Overfull \hbox (10.47636pt too wide) in paragraph at lines 151--152
 [][] 
 []



<figures/q1_6_100.png, id=126, 609.9588pt x 270.2898pt>
File: figures/q1_6_100.png Graphic file (type png)
<use figures/q1_6_100.png>
Package pdftex.def Info: figures/q1_6_100.png  used on input line 175.
(pdftex.def)             Requested size: 241.84784pt x 99.58086pt.

Overfull \hbox (10.47438pt too wide) in paragraph at lines 175--176
 [][] 
 []

<figures/q1_6_1000.png, id=127, 616.4631pt x 232.7094pt>
File: figures/q1_6_1000.png Graphic file (type png)
<use figures/q1_6_1000.png>
Package pdftex.def Info: figures/q1_6_1000.png  used on input line 181.
(pdftex.def)             Requested size: 241.84943pt x 99.58371pt.

Overfull \hbox (10.47597pt too wide) in paragraph at lines 181--182
 [][] 
 []

<figures/q1_6_10000.png, id=128, 656.2116pt x 245.718pt>
File: figures/q1_6_10000.png Graphic file (type png)
<use figures/q1_6_10000.png>
Package pdftex.def Info: figures/q1_6_10000.png  used on input line 187.
(pdftex.def)             Requested size: 241.84325pt x 99.58647pt.

Overfull \hbox (10.46979pt too wide) in paragraph at lines 187--188
 [][] 
 []



[2 <./figures/q1_5_100_bin_10.png> <./figures/q1_5_1000_bin_10.png> <./figures/q1_5_10000_bin_10.png> <./figures/q1_6_100.png> <./figures/q1_6_1000.png> <./figures/q1_6_10000.png>]

Package hyperref Warning: Token not allowed in a PDF string (Unicode):
(hyperref)                removing `math shift' on input line 199.


Package hyperref Warning: Token not allowed in a PDF string (Unicode):
(hyperref)                removing `math shift' on input line 199.

<figures/q2_1.png, id=150, 462.528pt x 346.896pt>
File: figures/q2_1.png Graphic file (type png)
<use figures/q2_1.png>
Package pdftex.def Info: figures/q2_1.png  used on input line 216.
(pdftex.def)             Requested size: 217.66342pt x 156.48814pt.



Package hyperref Warning: Token not allowed in a PDF string (Unicode):
(hyperref)                removing `math shift' on input line 224.


Package hyperref Warning: Token not allowed in a PDF string (Unicode):
(hyperref)                removing `superscript' on input line 224.


Package hyperref Warning: Token not allowed in a PDF string (Unicode):
(hyperref)                removing `math shift' on input line 224.

<figures/q2_2.png, id=152, 462.528pt x 346.896pt>
File: figures/q2_2.png Graphic file (type png)
<use figures/q2_2.png>
Package pdftex.def Info: figures/q2_2.png  used on input line 228.
(pdftex.def)             Requested size: 217.66342pt x 156.48814pt.

Overfull \hbox (61.6925pt too wide) detected at line 243
[]
 []


Package hyperref Warning: Token not allowed in a PDF string (Unicode):
(hyperref)                removing `math shift' on input line 245.


Package hyperref Warning: Token not allowed in a PDF string (Unicode):
(hyperref)                removing `math shift' on input line 245.

<figures/q2_3.png, id=154, 462.528pt x 346.896pt>
File: figures/q2_3.png Graphic file (type png)
<use figures/q2_3.png>
Package pdftex.def Info: figures/q2_3.png  used on input line 252.
(pdftex.def)             Requested size: 217.66342pt x 156.48814pt.
LaTeX Font Info:    Font shape `OT1/ptm/bx/n' in size <9> not available
(Font)              Font shape `OT1/ptm/b/n' tried instead on input line 252.
LaTeX Font Info:    Font shape `OT1/ptm/bx/n' in size <7> not available
(Font)              Font shape `OT1/ptm/b/n' tried instead on input line 252.
LaTeX Font Info:    Font shape `OT1/ptm/bx/n' in size <5> not available
(Font)              Font shape `OT1/ptm/b/n' tried instead on input line 252.
<figures/q2_3_1_with_jacobian.png, id=155, 462.528pt x 346.896pt>
File: figures/q2_3_1_with_jacobian.png Graphic file (type png)
<use figures/q2_3_1_with_jacobian.png>
Package pdftex.def Info: figures/q2_3_1_with_jacobian.png  used on input line 258.
(pdftex.def)             Requested size: 217.66342pt x 156.48814pt.

LaTeX Warning: `h' float specifier changed to `ht'.



[3 <./figures/q2_1.png> <./figures/q2_2.png>]
Underfull \hbox (badness 4467) in paragraph at lines 275--276
[]\OT1/ptm/m/n/10.95 For a value-limited sine trans-for-ma-tion $\OML/ztmcm/m/it/10.95 f\OT1/ztmcm/m/n/10.95 (\OML/ztmcm/m/it/10.95 x\OT1/ztmcm/m/n/10.95 ) =
 []


Overfull \hbox (11.51405pt too wide) detected at line 295
[]
 []


Underfull \vbox (badness 5417) has occurred while \output is active []



<figures/q3_1_hist.png, id=167, 462.528pt x 346.896pt>
File: figures/q3_1_hist.png Graphic file (type png)
<use figures/q3_1_hist.png>
Package pdftex.def Info: figures/q3_1_hist.png  used on input line 321.
(pdftex.def)             Requested size: 241.84982pt x 113.80908pt.

Overfull \hbox (10.47636pt too wide) in paragraph at lines 321--322
 [][] 
 []

<figures/q3_1_kde.png, id=168, 462.528pt x 346.896pt>
File: figures/q3_1_kde.png Graphic file (type png)
<use figures/q3_1_kde.png>
Package pdftex.def Info: figures/q3_1_kde.png  used on input line 327.
(pdftex.def)             Requested size: 241.84982pt x 113.80908pt.

Overfull \hbox (10.47636pt too wide) in paragraph at lines 327--328
 [][] 
 []


Underfull \vbox (badness 1448) has occurred while \output is active []



[4 <./figures/q2_3.png> <./figures/q2_3_1_with_jacobian.png> <./figures/q3_1_hist.png> <./figures/q3_1_kde.png>]
Overfull \hbox (1.48286pt too wide) detected at line 375
[]
 []




Package hyperref Warning: Token not allowed in a PDF string (Unicode):
(hyperref)                removing `math shift' on input line 393.


Package hyperref Warning: Token not allowed in a PDF string (Unicode):
(hyperref)                removing `\mu' on input line 393.


Package hyperref Warning: Token not allowed in a PDF string (Unicode):
(hyperref)                removing `superscript' on input line 393.


Package hyperref Warning: Token not allowed in a PDF string (Unicode):
(hyperref)                removing `math shift' on input line 393.

<figures/q3_2_monte_carlo_error.png, id=184, 462.528pt x 346.896pt>
File: figures/q3_2_monte_carlo_error.png Graphic file (type png)
<use figures/q3_2_monte_carlo_error.png>
Package pdftex.def Info: figures/q3_2_monte_carlo_error.png  used on input line 397.
(pdftex.def)             Requested size: 217.66342pt x 142.26532pt.
<figures/q4_1_a0.5_bn1.png, id=186, 462.528pt x 346.896pt>
File: figures/q4_1_a0.5_bn1.png Graphic file (type png)
<use figures/q4_1_a0.5_bn1.png>
Package pdftex.def Info: figures/q4_1_a0.5_bn1.png  used on input line 414.
(pdftex.def)             Requested size: 96.73788pt x 72.55388pt.
<figures/q4_1_a0.5_bn0.5.png, id=187, 462.528pt x 346.896pt>
File: figures/q4_1_a0.5_bn0.5.png Graphic file (type png)
<use figures/q4_1_a0.5_bn0.5.png>
Package pdftex.def Info: figures/q4_1_a0.5_bn0.5.png  used on input line 418.
(pdftex.def)             Requested size: 96.73788pt x 72.55388pt.
<figures/q4_1_a0.5_b0.png, id=188, 462.528pt x 346.896pt>
File: figures/q4_1_a0.5_b0.png Graphic file (type png)
<use figures/q4_1_a0.5_b0.png>
Package pdftex.def Info: figures/q4_1_a0.5_b0.png  used on input line 422.
(pdftex.def)             Requested size: 96.73788pt x 72.55388pt.
<figures/q4_1_a0.5_b0.5.png, id=189, 462.528pt x 346.896pt>
File: figures/q4_1_a0.5_b0.5.png Graphic file (type png)
<use figures/q4_1_a0.5_b0.5.png>
Package pdftex.def Info: figures/q4_1_a0.5_b0.5.png  used on input line 426.
(pdftex.def)             Requested size: 96.73788pt x 72.55388pt.
<figures/q4_1_a0.5_b1.png, id=190, 462.528pt x 346.896pt>
File: figures/q4_1_a0.5_b1.png Graphic file (type png)
<use figures/q4_1_a0.5_b1.png>
Package pdftex.def Info: figures/q4_1_a0.5_b1.png  used on input line 430.
(pdftex.def)             Requested size: 96.73788pt x 72.55388pt.
<figures/q4_1_a1.5_bn1.png, id=191, 462.528pt x 346.896pt>
File: figures/q4_1_a1.5_bn1.png Graphic file (type png)
<use figures/q4_1_a1.5_bn1.png>
Package pdftex.def Info: figures/q4_1_a1.5_bn1.png  used on input line 436.
(pdftex.def)             Requested size: 96.73788pt x 72.55388pt.
<figures/q4_1_a1.5_bn0.5.png, id=192, 462.528pt x 346.896pt>
File: figures/q4_1_a1.5_bn0.5.png Graphic file (type png)
<use figures/q4_1_a1.5_bn0.5.png>
Package pdftex.def Info: figures/q4_1_a1.5_bn0.5.png  used on input line 440.
(pdftex.def)             Requested size: 96.73788pt x 72.55388pt.
<figures/q4_1_a1.5_b0.png, id=193, 462.528pt x 346.896pt>
File: figures/q4_1_a1.5_b0.png Graphic file (type png)
<use figures/q4_1_a1.5_b0.png>
Package pdftex.def Info: figures/q4_1_a1.5_b0.png  used on input line 444.
(pdftex.def)             Requested size: 96.73788pt x 72.55388pt.
<figures/q4_1_a1.5_b0.5.png, id=194, 462.528pt x 346.896pt>
File: figures/q4_1_a1.5_b0.5.png Graphic file (type png)
<use figures/q4_1_a1.5_b0.5.png>
Package pdftex.def Info: figures/q4_1_a1.5_b0.5.png  used on input line 448.
(pdftex.def)             Requested size: 96.73788pt x 72.55388pt.
<figures/q4_1_a1.5_b1.png, id=195, 462.528pt x 346.896pt>
File: figures/q4_1_a1.5_b1.png Graphic file (type png)
<use figures/q4_1_a1.5_b1.png>
Package pdftex.def Info: figures/q4_1_a1.5_b1.png  used on input line 452.
(pdftex.def)             Requested size: 96.73788pt x 72.55388pt.

LaTeX Warning: `h' float specifier changed to `ht'.


Underfull \vbox (badness 10000) has occurred while \output is active []



[5 <./figures/q3_2_monte_carlo_error.png>]


LaTeX Warning: `!h' float specifier changed to `!ht'.



[6 <./figures/q4_1_a0.5_bn1.png> <./figures/q4_1_a0.5_bn0.5.png> <./figures/q4_1_a0.5_b0.png> <./figures/q4_1_a0.5_b0.5.png> <./figures/q4_1_a0.5_b1.png> <./figures/q4_1_a1.5_bn1.png> <./figures/q4_1_a1.5_bn0.5.png> <./figures/q4_1_a1.5_b0.png> <./figures/q4_1_a1.5_b0.5.png> <./figures/q4_1_a1.5_b1.png>]
<figures/q4_2_a0.5_80000_linreg.png, id=224, 683.6742pt x 483.4863pt>
File: figures/q4_2_a0.5_80000_linreg.png Graphic file (type png)
<use figures/q4_2_a0.5_80000_linreg.png>
Package pdftex.def Info: figures/q4_2_a0.5_80000_linreg.png  used on input line 518.
(pdftex.def)             Requested size: 241.84538pt x 128.03473pt.

Overfull \hbox (10.47192pt too wide) in paragraph at lines 518--519
 [][] 
 []

<figures/q4_2_a1.5_80000_linreg.png, id=225, 683.6742pt x 456.0237pt>
File: figures/q4_2_a1.5_80000_linreg.png Graphic file (type png)
<use figures/q4_2_a1.5_80000_linreg.png>
Package pdftex.def Info: figures/q4_2_a1.5_80000_linreg.png  used on input line 523.
(pdftex.def)             Requested size: 241.84538pt x 128.03368pt.

Overfull \hbox (10.47192pt too wide) in paragraph at lines 523--524
 [][] 
 []




Package hyperref Warning: Token not allowed in a PDF string (Unicode):
(hyperref)                removing `math shift' on input line 533.


Package hyperref Warning: Token not allowed in a PDF string (Unicode):
(hyperref)                removing `math shift' on input line 533.

<figures/q4_3.png, id=227, 778.3479pt x 482.0409pt>
File: figures/q4_3.png Graphic file (type png)
<use figures/q4_3.png>
Package pdftex.def Info: figures/q4_3.png  used on input line 536.
(pdftex.def)             Requested size: 256.35678pt x 170.71748pt.

Overfull \hbox (19.50835pt too wide) in paragraph at lines 536--537
 [][] 
 []



[7 <./figures/q4_2_a0.5_80000_linreg.png> <./figures/q4_2_a1.5_80000_linreg.png> <./figures/q4_3.png>] (./3F3_FTR_sr2021.aux)
 ***********
LaTeX2e <2024-06-01> patch level 2
L3 programming layer <2024-10-09>
 ***********


LaTeX Warning: There were multiply-defined labels.

Package rerunfilecheck Info: File `3F3_FTR_sr2021.out' has not changed.
(rerunfilecheck)             Checksum: 11797D3A64694CB7E57213659A0D4111;4591.
 ) 
Here is how much of TeX's memory you used:
 12511 strings out of 473577
 200704 string characters out of 5728189
 607112 words of memory out of 5000000
 35152 multiletter control sequences out of 15000+600000
 619987 words of font info for 164 fonts, out of 8000000 for 9000
 1141 hyphenation exceptions out of 8191
 75i,22n,79p,547b,483s stack positions out of 10000i,1000n,20000p,200000b,200000s
</usr/local/texlive/2024/texmf-dist/fonts/type1/public/amsfonts/cm/cmex10.pfb></usr/local/texlive/2024/texmf-dist/fonts/type1/public/amsfonts/cm/cmmi10.pfb></usr/local/texlive/2024/texmf-dist/fonts/type1/public/amsfonts/cm/cmr10.pfb></usr/local/texlive/2024/texmf-dist/fonts/type1/public/amsfonts/cm/cmsy10.pfb></usr/local/texlive/2024/texmf-dist/fonts/type1/public/rsfs/rsfs10.pfb></usr/local/texlive/2024/texmf-dist/fonts/type1/urw/symbol/usyr.pfb></usr/local/texlive/2024/texmf-dist/fonts/type1/urw/symbol/usyr.pfb></usr/local/texlive/2024/texmf-dist/fonts/type1/urw/times/utmb8a.pfb></usr/local/texlive/2024/texmf-dist/fonts/type1/urw/times/utmr8a.pfb></usr/local/texlive/2024/texmf-dist/fonts/type1/urw/times/utmri8a.pfb>
Output written on 3F3_FTR_sr2021.pdf (8 pages, 664011 bytes).
PDF statistics:
 301 PDF objects out of 1000 (max. 8388607)
 208 compressed objects within 3 object streams
 63 named destinations out of 1000 (max. 500000)
 303 words of extra memory for PDF output out of 10000 (max. 10000000)

